<?xml version="1.0" encoding="UTF-8"?>
<!-- Generated by org.testng.reporters.JUnitXMLReporter -->
<testsuite ignored="0" hostname="Chriskalys-MBP.local.tld" failures="1" tests="1" name="Command line test" time="7.324" errors="0" timestamp="2022-05-28T15:42:58 CDT">
  <testcase classname="scripts._06_RadioButtonTest" name="testFacebookGenderRadioButton" time="5.427">
    <failure type="java.lang.AssertionError" message="is selected expected [true] but found [false]">
      <![CDATA[java.lang.AssertionError: is selected expected [true] but found [false]
at scripts._06_RadioButtonTest.testFacebookGenderRadioButton(_06_RadioButtonTest.java:26)
at java.base/java.util.ArrayList.forEach(ArrayList.java:1511)
... Removed 35 stack frames]]>
    </failure>
  </testcase> <!-- testFacebookGenderRadioButton -->
</testsuite> <!-- Command line test -->
